Error: EBUSY: resource busy or locked, open 'c:\projects\feedme\foodb\foodb_flutter_test\build\windows\plugins\objectbox_flutter_libs\objectbox_flutter_libs_plugin.dir\Debug\vc142.pdb'
	at Object.openSync (fs.js:476:3)
	at Object.func [as openSync] (electron/js2c/asar_bundle.js:5:1846)
	at Object.readFileSync (fs.js:377:35)
	at Object.e.readFileSync (electron/js2c/asar_bundle.js:5:8872)
	at VscodeEditor.getFileContent (c:\Users\kingw\.vscode\extensions\qiu8310.dot-template-vscode-0.3.0\out\adapter\VscodeEditor.js:187:19)
	at isFileEmpty (c:\Users\kingw\.vscode\extensions\qiu8310.dot-template-vscode-0.3.0\node_modules\dot-template-core\out\core\commands\Command.js:65:113)
	at c:\Users\kingw\.vscode\extensions\qiu8310.dot-template-vscode-0.3.0\node_modules\dot-template-core\out\core\commands\Command.js:72:80
	at Array.filter (<anonymous>)
	at CreateTemplateFilesCommand.Command.filter (c:\Users\kingw\.vscode\extensions\qiu8310.dot-template-vscode-0.3.0\node_modules\dot-template-core\out\core\commands\Command.js:70:14)
	at new CreateTemplateFilesCommand (c:\Users\kingw\.vscode\extensions\qiu8310.dot-template-vscode-0.3.0\node_modules\dot-template-core\out\core\commands\CreateTemplateFilesCommand.js:31:29)
	at c:\Users\kingw\.vscode\extensions\qiu8310.dot-template-vscode-0.3.0\node_modules\dot-template-core\out\core\Commander.js:160:80
	at Commander.<anonymous> (c:\Users\kingw\.vscode\extensions\qiu8310.dot-template-vscode-0.3.0\node_modules\dot-template-core\out\core\Commander.js:129:46)
	at step (c:\Users\kingw\.vscode\extensions\qiu8310.dot-template-vscode-0.3.0\node_modules\dot-template-core\node_modules\tslib\tslib.js:133:27)
	at Object.next (c:\Users\kingw\.vscode\extensions\qiu8310.dot-template-vscode-0.3.0\node_modules\dot-template-core\node_modules\tslib\tslib.js:114:57)
	at c:\Users\kingw\.vscode\extensions\qiu8310.dot-template-vscode-0.3.0\node_modules\dot-template-core\node_modules\tslib\tslib.js:107:75
	at new Promise (<anonymous>)
	at Object.__awaiter (c:\Users\kingw\.vscode\extensions\qiu8310.dot-template-vscode-0.3.0\node_modules\dot-template-core\node_modules\tslib\tslib.js:103:16)
	at Commander.wrap (c:\Users\kingw\.vscode\extensions\qiu8310.dot-template-vscode-0.3.0\node_modules\dot-template-core\out\core\Commander.js:123:24)
	at Commander.<anonymous> (c:\Users\kingw\.vscode\extensions\qiu8310.dot-template-vscode-0.3.0\node_modules\dot-template-core\out\core\Commander.js:160:44)
	at step (c:\Users\kingw\.vscode\extensions\qiu8310.dot-template-vscode-0.3.0\node_modules\dot-template-core\node_modules\tslib\tslib.js:133:27)
	at Object.next (c:\Users\kingw\.vscode\extensions\qiu8310.dot-template-vscode-0.3.0\node_modules\dot-template-core\node_modules\tslib\tslib.js:114:57)
	at c:\Users\kingw\.vscode\extensions\qiu8310.dot-template-vscode-0.3.0\node_modules\dot-template-core\node_modules\tslib\tslib.js:107:75
	at new Promise (<anonymous>)
	at Object.__awaiter (c:\Users\kingw\.vscode\extensions\qiu8310.dot-template-vscode-0.3.0\node_modules\dot-template-core\node_modules\tslib\tslib.js:103:16)
	at Commander.addCreateTemplateFilesCommand (c:\Users\kingw\.vscode\extensions\qiu8310.dot-template-vscode-0.3.0\node_modules\dot-template-core\out\core\Commander.js:157:24)
	at Application.<anonymous> (c:\Users\kingw\.vscode\extensions\qiu8310.dot-template-vscode-0.3.0\node_modules\dot-template-core\out\core\Application.js:49:61)
	at step (c:\Users\kingw\.vscode\extensions\qiu8310.dot-template-vscode-0.3.0\node_modules\dot-template-core\node_modules\tslib\tslib.js:133:27)
	at Object.next (c:\Users\kingw\.vscode\extensions\qiu8310.dot-template-vscode-0.3.0\node_modules\dot-template-core\node_modules\tslib\tslib.js:114:57)
	at c:\Users\kingw\.vscode\extensions\qiu8310.dot-template-vscode-0.3.0\node_modules\dot-template-core\node_modules\tslib\tslib.js:107:75
	at new Promise (<anonymous>)
	at Object.__awaiter (c:\Users\kingw\.vscode\extensions\qiu8310.dot-template-vscode-0.3.0\node_modules\dot-template-core\node_modules\tslib\tslib.js:103:16)
	at Application.createTemplateFiles (c:\Users\kingw\.vscode\extensions\qiu8310.dot-template-vscode-0.3.0\node_modules\dot-template-core\out\core\Application.js:47:28)
	at Application.<anonymous> (c:\Users\kingw\.vscode\extensions\qiu8310.dot-template-vscode-0.3.0\node_modules\dot-template-core\out\core\Application.js:109:51)
	at step (c:\Users\kingw\.vscode\extensions\qiu8310.dot-template-vscode-0.3.0\node_modules\dot-template-core\node_modules\tslib\tslib.js:133:27)
	at Object.next (c:\Users\kingw\.vscode\extensions\qiu8310.dot-template-vscode-0.3.0\node_modules\dot-template-core\node_modules\tslib\tslib.js:114:57)
	at c:\Users\kingw\.vscode\extensions\qiu8310.dot-template-vscode-0.3.0\node_modules\dot-template-core\node_modules\tslib\tslib.js:107:75
	at new Promise (<anonymous>)
	at Object.__awaiter (c:\Users\kingw\.vscode\extensions\qiu8310.dot-template-vscode-0.3.0\node_modules\dot-template-core\node_modules\tslib\tslib.js:103:16)
	at run (c:\Users\kingw\.vscode\extensions\qiu8310.dot-template-vscode-0.3.0\node_modules\dot-template-core\out\core\Application.js:84:48)
	at Application.<anonymous> (c:\Users\kingw\.vscode\extensions\qiu8310.dot-template-vscode-0.3.0\node_modules\dot-template-core\out\core\Application.js:153:50)
	at step (c:\Users\kingw\.vscode\extensions\qiu8310.dot-template-vscode-0.3.0\node_modules\dot-template-core\node_modules\tslib\tslib.js:133:27)
	at Object.next (c:\Users\kingw\.vscode\extensions\qiu8310.dot-template-vscode-0.3.0\node_modules\dot-template-core\node_modules\tslib\tslib.js:114:57)
	at c:\Users\kingw\.vscode\extensions\qiu8310.dot-template-vscode-0.3.0\node_modules\dot-template-core\node_modules\tslib\tslib.js:107:75
	at new Promise (<anonymous>)
	at Object.__awaiter (c:\Users\kingw\.vscode\extensions\qiu8310.dot-template-vscode-0.3.0\node_modules\dot-template-core\node_modules\tslib\tslib.js:103:16)
	at Timeout._onTimeout (c:\Users\kingw\.vscode\extensions\qiu8310.dot-template-vscode-0.3.0\node_modules\dot-template-core\out\core\Application.js:144:59)
	at listOnTimeout (internal/timers.js:554:17)
	at processTimers (internal/timers.js:497:7)